#
# There is insufficient memory for the Java Runtime Environment to continue.
# Native memory allocation (malloc) failed to allocate 47216 bytes for Chunk::new
# Possible reasons:
#   The system is out of physical RAM or swap space
#   In 32 bit mode, the process size limit was hit
# Possible solutions:
#   Reduce memory load on the system
#   Increase physical memory or swap space
#   Check if swap backing store is full
#   Use 64 bit Java on a 64 bit OS
#   Decrease Java heap size (-Xmx/-Xms)
#   Decrease number of Java threads
#   Decrease Java thread stack sizes (-Xss)
#   Set larger code cache with -XX:ReservedCodeCacheSize=
# This output file may be truncated or incomplete.
#
#  Out of Memory Error (allocation.cpp:390), pid=10176, tid=0x0000000000002664
#
# JRE version: Java(TM) SE Runtime Environment (8.0_102-b14) (build 1.8.0_102-b14)
# Java VM: Java HotSpot(TM) 64-Bit Server VM (25.102-b14 mixed mode windows-amd64 compressed oops)
# Failed to write core dump. Minidumps are not enabled by default on client versions of Windows
#

---------------  T H R E A D  ---------------

Current thread (0x00000000153af800):  JavaThread "C2 CompilerThread1" daemon [_thread_in_native, id=9828, stack(0x0000000016c70000,0x0000000016d70000)]

Stack: [0x0000000016c70000,0x0000000016d70000]
[error occurred during error reporting (printing stack bounds), id 0xc0000005]

Native frames: (J=compiled Java code, j=interpreted, Vv=VM code, C=native code)


Current CompileTask:
C2:   3741  857       4       com.android.dx.ssa.SsaBasicBlock::forEachInsn (37 bytes)


---------------  P R O C E S S  ---------------

Java Threads: ( => current thread )
  0x0000000017105000 JavaThread "pool-1-thread-4" [_thread_blocked, id=11016, stack(0x0000000017870000,0x0000000017970000)]
  0x00000000170fc800 JavaThread "pool-1-thread-3" [_thread_blocked, id=10112, stack(0x0000000017770000,0x0000000017870000)]
  0x0000000017011000 JavaThread "pool-1-thread-2" [_thread_in_Java, id=9112, stack(0x0000000017670000,0x0000000017770000)]
  0x000000001700b800 JavaThread "pool-2-thread-1" [_thread_blocked, id=8400, stack(0x0000000017570000,0x0000000017670000)]
  0x0000000017005800 JavaThread "pool-1-thread-1" [_thread_blocked, id=3136, stack(0x0000000017470000,0x0000000017570000)]
  0x000000001540c000 JavaThread "Service Thread" daemon [_thread_blocked, id=4448, stack(0x0000000017270000,0x0000000017370000)]
  0x00000000153df800 JavaThread "C1 CompilerThread2" daemon [_thread_blocked, id=10028, stack(0x0000000016d70000,0x0000000016e70000)]
=>0x00000000153af800 JavaThread "C2 CompilerThread1" daemon [_thread_in_native, id=9828, stack(0x0000000016c70000,0x0000000016d70000)]
  0x00000000153ac000 JavaThread "C2 CompilerThread0" daemon [_thread_blocked, id=8588, stack(0x0000000016b70000,0x0000000016c70000)]
  0x00000000153aa000 JavaThread "Attach Listener" daemon [_thread_blocked, id=7988, stack(0x0000000016a70000,0x0000000016b70000)]
  0x00000000153a9000 JavaThread "Signal Dispatcher" daemon [_thread_blocked, id=7756, stack(0x0000000016970000,0x0000000016a70000)]
  0x000000001539a800 JavaThread "Finalizer" daemon [_thread_blocked, id=9628, stack(0x0000000016610000,0x0000000016710000)]
  0x0000000002c2f000 JavaThread "Reference Handler" daemon [_thread_blocked, id=2616, stack(0x0000000016510000,0x0000000016610000)]
  0x0000000002cdd800 JavaThread "main" [_thread_in_Java, id=11200, stack(0x00000000029f0000,0x0000000002af0000)]

Other Threads:
  0x0000000015377800 VMThread [stack: 0x0000000016410000,0x0000000016510000] [id=11108]
  0x0000000016ebb000 WatcherThread [stack: 0x0000000017370000,0x0000000017470000] [id=6224]

VM state:not at safepoint (normal execution)

VM Mutex/Monitor currently owned by a thread:  ([mutex/lock_event])
[0x0000000002cdc070] Patching_lock - owner thread: 0x0000000000000000

Heap:
 PSYoungGen      total 18944K, used 4687K [0x00000000eab00000, 0x00000000ec000000, 0x0000000100000000)
  eden space 16384K, 13% used [0x00000000eab00000,0x00000000ead15230,0x00000000ebb00000)
  from space 2560K, 99% used [0x00000000ebb00000,0x00000000ebd7eab8,0x00000000ebd80000)
  to   space 2560K, 0% used [0x00000000ebd80000,0x00000000ebd80000,0x00000000ec000000)
 ParOldGen       total 44032K, used 1689K [0x00000000c0000000, 0x00000000c2b00000, 0x00000000eab00000)
  object space 44032K, 3% used [0x00000000c0000000,0x00000000c01a66c0,0x00000000c2b00000)
 Metaspace       used 5824K, capacity 6772K, committed 7040K, reserved 1056768K
  class space    used 602K, capacity 620K, committed 640K, reserved 1048576K

Card table byte_map: [0x00000000120a0000,0x00000000122b0000] byte_map_base: 0x0000000011aa0000

Marking Bits: (ParMarkBitMap*) 0x000000007235a6c0
 Begin Bits: [0x0000000012810000, 0x0000000013810000)
 End Bits:   [0x0000000013810000, 0x0000000014810000)

Polling page: 0x0000000002af0000

CodeCache: size=245760Kb used=3495Kb max_used=3495Kb free=242264Kb
 bounds [0x0000000002ce0000, 0x0000000003050000, 0x0000000011ce0000]
 total_blobs=1117 nmethods=846 adapters=182
 compilation: enabled

Compilation events (10 events):
Event: 3.549 Thread 0x00000000153df800 nmethod 847 0x0000000003045890 code [0x0000000003045a00, 0x0000000003045c08]
Event: 3.549 Thread 0x00000000153df800  848       3       com.android.dx.rop.type.Type::getFrameType (58 bytes)
Event: 3.549 Thread 0x00000000153df800 nmethod 848 0x0000000003045c90 code [0x0000000003045de0, 0x0000000003045f70]
Event: 3.549 Thread 0x00000000153df800  851       3       com.android.dx.cf.code.ExecutionStack::peek (42 bytes)
Event: 3.550 Thread 0x00000000153df800 nmethod 851 0x0000000003046010 code [0x0000000003046220, 0x0000000003046c08]
Event: 3.550 Thread 0x00000000153df800  867       3       com.android.dx.ssa.back.SsaToRop::convertInsns (53 bytes)
Event: 3.552 Thread 0x00000000153df800 nmethod 867 0x0000000003047190 code [0x0000000003047400, 0x00000000030483e8]
Event: 3.552 Thread 0x00000000153df800  865       3       com.android.dx.ssa.SsaBasicBlock::getRopLabelSuccessorList (57 bytes)
Event: 3.553 Thread 0x00000000153df800 nmethod 865 0x00000000030490d0 code [0x00000000030492c0, 0x0000000003049da8]
Event: 3.553 Thread 0x00000000153df800  870       3       java.util.ArrayList::remove (77 bytes)

GC Heap History (2 events):
Event: 3.698 GC heap before
{Heap before GC invocations=1 (full 0):
 PSYoungGen      total 18944K, used 16384K [0x00000000eab00000, 0x00000000ec000000, 0x0000000100000000)
  eden space 16384K, 100% used [0x00000000eab00000,0x00000000ebb00000,0x00000000ebb00000)
  from space 2560K, 0% used [0x00000000ebd80000,0x00000000ebd80000,0x00000000ec000000)
  to   space 2560K, 0% used [0x00000000ebb00000,0x00000000ebb00000,0x00000000ebd80000)
 ParOldGen       total 44032K, used 0K [0x00000000c0000000, 0x00000000c2b00000, 0x00000000eab00000)
  object space 44032K, 0% used [0x00000000c0000000,0x00000000c0000000,0x00000000c2b00000)
 Metaspace       used 5784K, capacity 6770K, committed 7040K, reserved 1056768K
  class space    used 600K, capacity 618K, committed 640K, reserved 1048576K
Event: 3.709 GC heap after
Heap after GC invocations=1 (full 0):
 PSYoungGen      total 18944K, used 2554K [0x00000000eab00000, 0x00000000ec000000, 0x0000000100000000)
  eden space 16384K, 0% used [0x00000000eab00000,0x00000000eab00000,0x00000000ebb00000)
  from space 2560K, 99% used [0x00000000ebb00000,0x00000000ebd7eab8,0x00000000ebd80000)
  to   space 2560K, 0% used [0x00000000ebd80000,0x00000000ebd80000,0x00000000ec000000)
 ParOldGen       total 44032K, used 1689K [0x00000000c0000000, 0x00000000c2b00000, 0x00000000eab00000)
  object space 44032K, 3% used [0x00000000c0000000,0x00000000c01a66c0,0x00000000c2b00000)
 Metaspace       used 5784K, capacity 6770K, committed 7040K, reserved 1056768K
  class space    used 600K, capacity 618K, committed 640K, reserved 1048576K
}

Deoptimization events (7 events):
Event: 3.083 Thread 0x0000000017005800 Uncommon trap: reason=class_check action=maybe_recompile pc=0x0000000002efec30 method=com.android.dx.ssa.NormalSsaInsn.accept(Lcom/android/dx/ssa/SsaInsn$Visitor;)V @ 9
Event: 3.252 Thread 0x0000000002cdd800 Uncommon trap: reason=unstable_if action=reinterpret pc=0x0000000002ef7734 method=java.util.BitSet.ensureCapacity(I)V @ 6
Event: 3.253 Thread 0x0000000002cdd800 Uncommon trap: reason=unstable_if action=reinterpret pc=0x0000000002eda930 method=java.util.BitSet.nextSetBit(I)I @ 87
Event: 3.543 Thread 0x00000000170fc800 Uncommon trap: reason=null_check action=make_not_entrant pc=0x0000000002f58130 method=com.android.dx.ssa.SsaRenamer.getLocalForNewReg(I)Lcom/android/dx/rop/code/LocalItem; @ 19
Event: 3.724 Thread 0x0000000017011000 Uncommon trap: reason=class_check action=maybe_recompile pc=0x0000000002efec30 method=com.android.dx.ssa.NormalSsaInsn.accept(Lcom/android/dx/ssa/SsaInsn$Visitor;)V @ 9
Event: 3.724 Thread 0x0000000017011000 Uncommon trap: reason=class_check action=maybe_recompile pc=0x0000000002efec30 method=com.android.dx.ssa.NormalSsaInsn.accept(Lcom/android/dx/ssa/SsaInsn$Visitor;)V @ 9
Event: 3.724 Thread 0x0000000017011000 Uncommon trap: reason=class_check action=maybe_recompile pc=0x0000000002efec30 method=com.android.dx.ssa.NormalSsaInsn.accept(Lcom/android/dx/ssa/SsaInsn$Visitor;)V @ 9

Internal exceptions (3 events):
Event: 0.969 Thread 0x0000000002cdd800 Exception <a 'java/lang/NoSuchMethodError': Method sun.misc.Unsafe.defineClass(Ljava/lang/String;[BII)Ljava/lang/Class; name or signature does not match> (0x00000000eab07c78) thrown at [C:\re\workspace\8-2-build-windows-amd64-cygwin\jdk8u102\7268\hotspot\s´ÈGÁXÔ?
Event: 0.969 Thread 0x0000000002cdd800 Exception <a 'java/lang/NoSuchMethodError': Method sun.misc.Unsafe.prefetchRead(Ljava/lang/Object;J)V name or signature does not match> (0x00000000eab07f60) thrown at [C:\re\workspace\8-2-build-windows-amd64-cygwin\jdk8u102\7268\hotspot\src\share\vm\prims\‰Ùèæ*W@
Event: 3.543 Thread 0x00000000170fc800 Implicit null exception at 0x0000000002f569e1 to 0x0000000002f580e5

Events (10 events):
Event: 3.724 Thread 0x0000000017011000 DEOPT PACKING pc=0x0000000002efec30 sp=0x000000001776ebe0
Event: 3.724 Thread 0x0000000017011000 DEOPT UNPACKING pc=0x0000000002d2582a sp=0x000000001776eb80 mode 2
Event: 3.724 Thread 0x0000000017011000 Uncommon trap: trap_request=0xffffffde fr.pc=0x0000000002efec30
Event: 3.724 Thread 0x0000000017011000 DEOPT PACKING pc=0x0000000002efec30 sp=0x000000001776e900
Event: 3.724 Thread 0x0000000017011000 DEOPT UNPACKING pc=0x0000000002d2582a sp=0x000000001776e8a0 mode 2
Event: 3.724 Thread 0x0000000017011000 Uncommon trap: trap_request=0xffffffde fr.pc=0x0000000002efec30
Event: 3.724 Thread 0x0000000017011000 DEOPT PACKING pc=0x0000000002efec30 sp=0x000000001776e860
Event: 3.724 Thread 0x0000000017011000 DEOPT UNPACKING pc=0x0000000002d2582a sp=0x000000001776e800 mode 2
Event: 3.731 loading class java/util/DualPivotQuicksort
Event: 3.731 loading class java/util/DualPivotQuicksort done


Dynamic libraries:
0x00007ff6823e0000 - 0x00007ff682417000 	C:\Program Files\Java\jdk1.8.0_102\bin\java.exe
0x00007ffdf0ea0000 - 0x00007ffdf104a000 	C:\Windows\SYSTEM32\ntdll.dll
0x00007ffdf0c20000 - 0x00007ffdf0d5a000 	C:\Windows\system32\KERNEL32.DLL
0x00007ffdee380000 - 0x00007ffdee490000 	C:\Windows\system32\KERNELBASE.dll
0x00007ffdece20000 - 0x00007ffdecea8000 	C:\Windows\system32\apphelp.dll
0x00007ffde3430000 - 0x00007ffde347f000 	C:\Windows\AppPatch\AppPatch64\AcGenral.DLL
0x00007ffdeec10000 - 0x00007ffdeecb7000 	C:\Windows\system32\msvcrt.dll
0x00007ffdede80000 - 0x00007ffdedeab000 	C:\Windows\SYSTEM32\SspiCli.dll
0x00007ffdf09c0000 - 0x00007ffdf0a11000 	C:\Windows\system32\SHLWAPI.dll
0x00007ffdf0660000 - 0x00007ffdf07d1000 	C:\Windows\system32\USER32.dll
0x00007ffdee720000 - 0x00007ffdee898000 	C:\Windows\system32\ole32.dll
0x00007ffdeee20000 - 0x00007ffdf0237000 	C:\Windows\system32\SHELL32.dll
0x00007ffded820000 - 0x00007ffded83f000 	C:\Windows\SYSTEM32\USERENV.dll
0x00007ffdeed10000 - 0x00007ffdeedb5000 	C:\Windows\system32\ADVAPI32.dll
0x00007ffde3a50000 - 0x00007ffde3a6b000 	C:\Windows\SYSTEM32\MPR.dll
0x00007ffdf0d60000 - 0x00007ffdf0e96000 	C:\Windows\system32\RPCRT4.dll
0x00007ffdee900000 - 0x00007ffdee957000 	C:\Windows\SYSTEM32\sechost.dll
0x00007ffdeea20000 - 0x00007ffdeebf6000 	C:\Windows\SYSTEM32\combase.dll
0x00007ffdf03b0000 - 0x00007ffdf04f5000 	C:\Windows\system32\GDI32.dll
0x00007ffdee210000 - 0x00007ffdee224000 	C:\Windows\SYSTEM32\profapi.dll
0x00007ffdecaf0000 - 0x00007ffdecb8f000 	C:\Windows\SYSTEM32\SHCORE.dll
0x00007ffdeecc0000 - 0x00007ffdeecf4000 	C:\Windows\system32\IMM32.DLL
0x00007ffdf0520000 - 0x00007ffdf0659000 	C:\Windows\system32\MSCTF.dll
0x00007ffdec6c0000 - 0x00007ffdec91a000 	C:\Windows\WinSxS\amd64_microsoft.windows.common-controls_6595b64144ccf1df_6.0.9600.17031_none_6242a4b3ecbb55a1\COMCTL32.dll
0x0000000072500000 - 0x00000000725d1000 	C:\Program Files\Java\jdk1.8.0_102\jre\bin\msvcr100.dll
0x0000000071b40000 - 0x00000000723da000 	C:\Program Files\Java\jdk1.8.0_102\jre\bin\server\jvm.dll
0x00007ffde3e00000 - 0x00007ffde3e09000 	C:\Windows\SYSTEM32\WSOCK32.dll
0x00007ffde1820000 - 0x00007ffde183f000 	C:\Windows\SYSTEM32\WINMM.dll
0x00007ffde5dc0000 - 0x00007ffde5dca000 	C:\Windows\SYSTEM32\VERSION.dll
0x00007ffdeed00000 - 0x00007ffdeed07000 	C:\Windows\system32\PSAPI.DLL
0x00007ffdeedc0000 - 0x00007ffdeee18000 	C:\Windows\system32\WS2_32.dll
0x00007ffde17f0000 - 0x00007ffde181a000 	C:\Windows\SYSTEM32\WINMMBASE.dll
0x00007ffdeec00000 - 0x00007ffdeec09000 	C:\Windows\system32\NSI.dll
0x00007ffdee2e0000 - 0x00007ffdee32a000 	C:\Windows\SYSTEM32\cfgmgr32.dll
0x00007ffded080000 - 0x00007ffded0a6000 	C:\Windows\SYSTEM32\DEVOBJ.dll
0x0000000071a50000 - 0x0000000071a5f000 	C:\Program Files\Java\jdk1.8.0_102\jre\bin\verify.dll
0x0000000071a20000 - 0x0000000071a49000 	C:\Program Files\Java\jdk1.8.0_102\jre\bin\java.dll
0x0000000071a00000 - 0x0000000071a16000 	C:\Program Files\Java\jdk1.8.0_102\jre\bin\zip.dll

VM Arguments:
jvm_args: -Djava.awt.headless=true -Xmx1024M -Dfile.encoding=windows-1252 -Duser.country=IN -Duser.language=en -Duser.variant 
java_command: com.android.dx.command.Main --dex --force-jumbo --num-threads=4 --output C:\Users\sushant oberoi\AndroidStudioProjects\Appbert_MUSIC\app\build\intermediates\pre-dexed\debug\com.android.support-support-core-utils-24.2.0_de4e5712ba3660764b26713dfcc76a54d59eaedb.jar C:\Users\sushant oberoi\AndroidStudioProjects\Appbert_MUSIC\app\build\intermediates\exploded-aar\com.android.support\support-core-utils\24.2.0\jars\classes.jar
java_class_path (initial): C:\Android\sdk1\build-tools\24.0.2\lib\dx.jar
Launcher Type: SUN_STANDARD

Environment Variables:
JAVA_HOME=C:\Program Files\Java\jdk1.8.0_102
CLASSPATH=C:\users\sushant
PATH=C:\ProgramData\Oracle\Java\javapath;C:\Program Files\Java\jdk1.8.0_102\bin
USERNAME=sushant oberoi
OS=Windows_NT
PROCESSOR_IDENTIFIER=Intel64 Family 6 Model 69 Stepping 1, GenuineIntel



---------------  S Y S T E M  ---------------

OS: Windows 8.1 , 64 bit Build 9600 (6.3.9600.17031)

CPU:total 4 (2 cores per cpu, 2 threads per core) family 6 model 69 stepping 1, cmov, cx8, fxsr, mmx, sse, sse2, sse3, ssse3, sse4.1, sse4.2, popcnt, avx, avx2, aes, clmul, erms, lzcnt, ht, tsc, tscinvbit, bmi1, bmi2

Memory: 4k page, physical 4096188k(391484k free), swap 7241916k(5020k free)

vm_info: Java HotSpot(TM) 64-Bit Server VM (25.102-b14) for windows-amd64 JRE (1.8.0_102-b14), built on Jun 22 2016 13:15:21 by "java_re" with MS VC++ 10.0 (VS2010)

time: Thu Sep 08 22:22:56 2016
elapsed time: 3 seconds (0d 0h 0m 3s)

