#
# There is insufficient memory for the Java Runtime Environment to continue.
# Native memory allocation (malloc) failed to allocate 1048576 bytes for AllocateHeap
# Possible reasons:
#   The system is out of physical RAM or swap space
#   In 32 bit mode, the process size limit was hit
# Possible solutions:
#   Reduce memory load on the system
#   Increase physical memory or swap space
#   Check if swap backing store is full
#   Use 64 bit Java on a 64 bit OS
#   Decrease Java heap size (-Xmx/-Xms)
#   Decrease number of Java threads
#   Decrease Java thread stack sizes (-Xss)
#   Set larger code cache with -XX:ReservedCodeCacheSize=
# This output file may be truncated or incomplete.
#
#  Out of Memory Error (memory/allocation.inline.hpp:61), pid=612, tid=0x0000000000001d80
#
# JRE version:  (8.0_102-b14) (build )
# Java VM: Java HotSpot(TM) 64-Bit Server VM (25.102-b14 mixed mode windows-amd64 compressed oops)
# Failed to write core dump. Minidumps are not enabled by default on client versions of Windows
#

---------------  T H R E A D  ---------------

Current thread (0x000000000226d800):  JavaThread "Unknown thread" [_thread_in_vm, id=7552, stack(0x00000000022b0000,0x00000000023b0000)]

Stack: [0x00000000022b0000,0x00000000023b0000]
[error occurred during error reporting (printing stack bounds), id 0xc0000005]

Native frames: (J=compiled Java code, j=interpreted, Vv=VM code, C=native code)


---------------  P R O C E S S  ---------------

Java Threads: ( => current thread )

Other Threads:

=>0x000000000226d800 (exited) JavaThread "Unknown thread" [_thread_in_vm, id=7552, stack(0x00000000022b0000,0x00000000023b0000)]

VM state:not at safepoint (normal execution)

VM Mutex/Monitor currently owned by a thread: None

Heap:
 PSYoungGen      total 18944K, used 327K [0x00000000eab00000, 0x00000000ec000000, 0x0000000100000000)
  eden space 16384K, 2% used [0x00000000eab00000,0x00000000eab51ec8,0x00000000ebb00000)
  from space 2560K, 0% used [0x00000000ebd80000,0x00000000ebd80000,0x00000000ec000000)
  to   space 2560K, 0% used [0x00000000ebb00000,0x00000000ebb00000,0x00000000ebd80000)
 ParOldGen       total 44032K, used 0K [0x00000000c0000000, 0x00000000c2b00000, 0x00000000eab00000)
  object space 44032K, 0% used [0x00000000c0000000,0x00000000c0000000,0x00000000c2b00000)
 Metaspace       used 770K, capacity 4480K, committed 4480K, reserved 1056768K
  class space    used 75K, capacity 384K, committed 384K, reserved 1048576K

Card table byte_map: [0x0000000011870000,0x0000000011a80000] byte_map_base: 0x0000000011270000

Marking Bits: (ParMarkBitMap*) 0x000000007235a6c0
 Begin Bits: [0x0000000011fe0000, 0x0000000012fe0000)
 End Bits:   [0x0000000012fe0000, 0x0000000013fe0000)

Polling page: 0x00000000021a0000

CodeCache: size=245760Kb used=328Kb max_used=328Kb free=245431Kb
 bounds [0x00000000024b0000, 0x0000000002720000, 0x00000000114b0000]
 total_blobs=58 nmethods=0 adapters=38
 compilation: enabled

Compilation events (0 events):
No events

GC Heap History (0 events):
No events

Deoptimization events (0 events):
No events

Internal exceptions (0 events):
No events

Events (10 events):
Event: 0.037 loading class java/lang/Short
Event: 0.037 loading class java/lang/Short done
Event: 0.037 loading class java/lang/Integer
Event: 0.037 loading class java/lang/Integer done
Event: 0.037 loading class java/lang/Long
Event: 0.038 loading class java/lang/Long done
Event: 0.039 loading class java/lang/NullPointerException
Event: 0.039 loading class java/lang/NullPointerException done
Event: 0.039 loading class java/lang/ArithmeticException
Event: 0.039 loading class java/lang/ArithmeticException done


Dynamic libraries:
0x00007ff6823e0000 - 0x00007ff682417000 	C:\Program Files\Java\jdk1.8.0_102\bin\java.exe
0x00007ffdf0ea0000 - 0x00007ffdf104a000 	C:\Windows\SYSTEM32\ntdll.dll
0x00007ffdf0c20000 - 0x00007ffdf0d5a000 	C:\Windows\system32\KERNEL32.DLL
0x00007ffdee380000 - 0x00007ffdee490000 	C:\Windows\system32\KERNELBASE.dll
0x00007ffdece20000 - 0x00007ffdecea8000 	C:\Windows\system32\apphelp.dll
0x00007ffde3430000 - 0x00007ffde347f000 	C:\Windows\AppPatch\AppPatch64\AcGenral.DLL
0x00007ffdeec10000 - 0x00007ffdeecb7000 	C:\Windows\system32\msvcrt.dll
0x00007ffdede80000 - 0x00007ffdedeab000 	C:\Windows\SYSTEM32\SspiCli.dll
0x00007ffdf09c0000 - 0x00007ffdf0a11000 	C:\Windows\system32\SHLWAPI.dll
0x00007ffdf0660000 - 0x00007ffdf07d1000 	C:\Windows\system32\USER32.dll
0x00007ffdee720000 - 0x00007ffdee898000 	C:\Windows\system32\ole32.dll
0x00007ffdeee20000 - 0x00007ffdf0237000 	C:\Windows\system32\SHELL32.dll
0x00007ffded820000 - 0x00007ffded83f000 	C:\Windows\SYSTEM32\USERENV.dll
0x00007ffdeed10000 - 0x00007ffdeedb5000 	C:\Windows\system32\ADVAPI32.dll
0x00007ffde3a50000 - 0x00007ffde3a6b000 	C:\Windows\SYSTEM32\MPR.dll
0x00007ffdf0d60000 - 0x00007ffdf0e96000 	C:\Windows\system32\RPCRT4.dll
0x00007ffdee900000 - 0x00007ffdee957000 	C:\Windows\SYSTEM32\sechost.dll
0x00007ffdeea20000 - 0x00007ffdeebf6000 	C:\Windows\SYSTEM32\combase.dll
0x00007ffdf03b0000 - 0x00007ffdf04f5000 	C:\Windows\system32\GDI32.dll
0x00007ffdee210000 - 0x00007ffdee224000 	C:\Windows\SYSTEM32\profapi.dll
0x00007ffdecaf0000 - 0x00007ffdecb8f000 	C:\Windows\SYSTEM32\SHCORE.dll
0x00007ffdeecc0000 - 0x00007ffdeecf4000 	C:\Windows\system32\IMM32.DLL
0x00007ffdf0520000 - 0x00007ffdf0659000 	C:\Windows\system32\MSCTF.dll
0x00007ffdec6c0000 - 0x00007ffdec91a000 	C:\Windows\WinSxS\amd64_microsoft.windows.common-controls_6595b64144ccf1df_6.0.9600.17031_none_6242a4b3ecbb55a1\COMCTL32.dll
0x0000000072500000 - 0x00000000725d1000 	C:\Program Files\Java\jdk1.8.0_102\jre\bin\msvcr100.dll
0x0000000071b40000 - 0x00000000723da000 	C:\Program Files\Java\jdk1.8.0_102\jre\bin\server\jvm.dll
0x00007ffde3e00000 - 0x00007ffde3e09000 	C:\Windows\SYSTEM32\WSOCK32.dll
0x00007ffde1820000 - 0x00007ffde183f000 	C:\Windows\SYSTEM32\WINMM.dll
0x00007ffde5dc0000 - 0x00007ffde5dca000 	C:\Windows\SYSTEM32\VERSION.dll
0x00007ffdeed00000 - 0x00007ffdeed07000 	C:\Windows\system32\PSAPI.DLL
0x00007ffdeedc0000 - 0x00007ffdeee18000 	C:\Windows\system32\WS2_32.dll
0x00007ffde17f0000 - 0x00007ffde181a000 	C:\Windows\SYSTEM32\WINMMBASE.dll
0x00007ffdeec00000 - 0x00007ffdeec09000 	C:\Windows\system32\NSI.dll
0x00007ffdee2e0000 - 0x00007ffdee32a000 	C:\Windows\SYSTEM32\cfgmgr32.dll
0x00007ffded080000 - 0x00007ffded0a6000 	C:\Windows\SYSTEM32\DEVOBJ.dll
0x0000000071a50000 - 0x0000000071a5f000 	C:\Program Files\Java\jdk1.8.0_102\jre\bin\verify.dll
0x0000000071a20000 - 0x0000000071a49000 	C:\Program Files\Java\jdk1.8.0_102\jre\bin\java.dll
0x0000000071a00000 - 0x0000000071a16000 	C:\Program Files\Java\jdk1.8.0_102\jre\bin\zip.dll

VM Arguments:
jvm_args: -Djava.awt.headless=true -Xmx1024M -Dfile.encoding=windows-1252 -Duser.country=IN -Duser.language=en -Duser.variant 
java_command: com.android.dx.command.Main --dex --force-jumbo --num-threads=4 --output C:\Users\sushant oberoi\AndroidStudioProjects\Appbert_MUSIC\app\build\intermediates\pre-dexed\debug\instant-run-bootstrap_6dbcc2f56335e4144b2107d912cf4dd25a64f9df.jar C:\Users\sushant oberoi\AndroidStudioProjects\Appbert_MUSIC\app\build\intermediates\incremental-classes\debug\instant-run-bootstrap.jar
java_class_path (initial): C:\Android\sdk1\build-tools\24.0.2\lib\dx.jar
Launcher Type: SUN_STANDARD

Environment Variables:
JAVA_HOME=C:\Program Files\Java\jdk1.8.0_102
CLASSPATH=C:\users\sushant
PATH=C:\ProgramData\Oracle\Java\javapath;C:\Program Files\Java\jdk1.8.0_102\bin
USERNAME=sushant oberoi
OS=Windows_NT
PROCESSOR_IDENTIFIER=Intel64 Family 6 Model 69 Stepping 1, GenuineIntel



---------------  S Y S T E M  ---------------

OS: Windows 8.1 , 64 bit Build 9600 (6.3.9600.17031)

CPU:total 4 (2 cores per cpu, 2 threads per core) family 6 model 69 stepping 1, cmov, cx8, fxsr, mmx, sse, sse2, sse3, ssse3, sse4.1, sse4.2, popcnt, avx, avx2, aes, clmul, erms, lzcnt, ht, tsc, tscinvbit, bmi1, bmi2

Memory: 4k page, physical 4096188k(332700k free), swap 7241916k(5944k free)

vm_info: Java HotSpot(TM) 64-Bit Server VM (25.102-b14) for windows-amd64 JRE (1.8.0_102-b14), built on Jun 22 2016 13:15:21 by "java_re" with MS VC++ 10.0 (VS2010)

time: Thu Sep 08 22:30:50 2016
elapsed time: 0 seconds (0d 0h 0m 0s)

