#
# There is insufficient memory for the Java Runtime Environment to continue.
# Native memory allocation (malloc) failed to allocate 32744 bytes for ChunkPool::allocate
# Possible reasons:
#   The system is out of physical RAM or swap space
#   In 32 bit mode, the process size limit was hit
# Possible solutions:
#   Reduce memory load on the system
#   Increase physical memory or swap space
#   Check if swap backing store is full
#   Use 64 bit Java on a 64 bit OS
#   Decrease Java heap size (-Xmx/-Xms)
#   Decrease number of Java threads
#   Decrease Java thread stack sizes (-Xss)
#   Set larger code cache with -XX:ReservedCodeCacheSize=
# This output file may be truncated or incomplete.
#
#  Out of Memory Error (allocation.cpp:273), pid=7592, tid=0x0000000000000ac4
#
# JRE version: Java(TM) SE Runtime Environment (8.0_102-b14) (build 1.8.0_102-b14)
# Java VM: Java HotSpot(TM) 64-Bit Server VM (25.102-b14 mixed mode windows-amd64 compressed oops)
# Failed to write core dump. Minidumps are not enabled by default on client versions of Windows
#

---------------  T H R E A D  ---------------

Current thread (0x0000000014976800):  JavaThread "C1 CompilerThread2" daemon [_thread_in_native, id=2756, stack(0x0000000016320000,0x0000000016420000)]

Stack: [0x0000000016320000,0x0000000016420000]
[error occurred during error reporting (printing stack bounds), id 0xc0000005]

Native frames: (J=compiled Java code, j=interpreted, Vv=VM code, C=native code)


Current CompileTask:
C1:   3652  841   !   3       com.android.dx.cf.code.RopperMachine::run (1550 bytes)


---------------  P R O C E S S  ---------------

Java Threads: ( => current thread )
  0x000000001667c800 JavaThread "pool-1-thread-4" [_thread_in_vm, id=10868, stack(0x0000000016e20000,0x0000000016f20000)]
  0x000000001667b800 JavaThread "pool-1-thread-3" [_thread_in_Java, id=5436, stack(0x0000000016d20000,0x0000000016e20000)]
  0x000000001667a000 JavaThread "pool-1-thread-2" [_thread_blocked, id=8088, stack(0x0000000016c20000,0x0000000016d20000)]
  0x0000000016677000 JavaThread "pool-2-thread-1" [_thread_blocked, id=10908, stack(0x0000000016b20000,0x0000000016c20000)]
  0x0000000016671800 JavaThread "pool-1-thread-1" [_thread_in_Java, id=1612, stack(0x0000000016a20000,0x0000000016b20000)]
  0x0000000016421800 JavaThread "Service Thread" daemon [_thread_blocked, id=2216, stack(0x0000000016820000,0x0000000016920000)]
=>0x0000000014976800 JavaThread "C1 CompilerThread2" daemon [_thread_in_native, id=2756, stack(0x0000000016320000,0x0000000016420000)]
  0x000000001495f800 JavaThread "C2 CompilerThread1" daemon [_thread_in_native, id=3224, stack(0x0000000016220000,0x0000000016320000)]
  0x000000001495c000 JavaThread "C2 CompilerThread0" daemon [_thread_in_native, id=9764, stack(0x0000000016120000,0x0000000016220000)]
  0x000000001495a000 JavaThread "Attach Listener" daemon [_thread_blocked, id=7640, stack(0x0000000016020000,0x0000000016120000)]
  0x0000000014959000 JavaThread "Signal Dispatcher" daemon [_thread_blocked, id=3860, stack(0x0000000015f20000,0x0000000016020000)]
  0x000000001494a800 JavaThread "Finalizer" daemon [_thread_blocked, id=10620, stack(0x0000000015bc0000,0x0000000015cc0000)]
  0x000000000227f000 JavaThread "Reference Handler" daemon [_thread_blocked, id=11244, stack(0x0000000015ac0000,0x0000000015bc0000)]
  0x000000000218d800 JavaThread "main" [_thread_blocked, id=10860, stack(0x0000000002000000,0x0000000002100000)]

Other Threads:
  0x0000000014927800 VMThread [stack: 0x00000000159c0000,0x0000000015ac0000] [id=10612]
  0x0000000016426800 WatcherThread [stack: 0x0000000016920000,0x0000000016a20000] [id=7176]

VM state:not at safepoint (normal execution)

VM Mutex/Monitor currently owned by a thread:  ([mutex/lock_event])
[0x0000000002190150] MethodData_lock - owner thread: 0x000000001667c800

Heap:
 PSYoungGen      total 18944K, used 6588K [0x00000000eab00000, 0x00000000ec000000, 0x0000000100000000)
  eden space 16384K, 24% used [0x00000000eab00000,0x00000000eaef5450,0x00000000ebb00000)
  from space 2560K, 99% used [0x00000000ebb00000,0x00000000ebd79c68,0x00000000ebd80000)
  to   space 2560K, 0% used [0x00000000ebd80000,0x00000000ebd80000,0x00000000ec000000)
 ParOldGen       total 44032K, used 1119K [0x00000000c0000000, 0x00000000c2b00000, 0x00000000eab00000)
  object space 44032K, 2% used [0x00000000c0000000,0x00000000c0117c98,0x00000000c2b00000)
 Metaspace       used 5797K, capacity 6704K, committed 6784K, reserved 1056768K
  class space    used 598K, capacity 616K, committed 640K, reserved 1048576K

Card table byte_map: [0x0000000011650000,0x0000000011860000] byte_map_base: 0x0000000011050000

Marking Bits: (ParMarkBitMap*) 0x000000007235a6c0
 Begin Bits: [0x0000000011dc0000, 0x0000000012dc0000)
 End Bits:   [0x0000000012dc0000, 0x0000000013dc0000)

Polling page: 0x00000000007e0000

CodeCache: size=245760Kb used=3227Kb max_used=3241Kb free=242532Kb
 bounds [0x0000000002290000, 0x00000000025c0000, 0x0000000011290000]
 total_blobs=1108 nmethods=839 adapters=182
 compilation: enabled

Compilation events (10 events):
Event: 3.623 Thread 0x0000000014976800 nmethod 834 0x00000000025aa450 code [0x00000000025aa5c0, 0x00000000025aa828]
Event: 3.623 Thread 0x0000000014976800  837   !   3       com.android.dx.cf.code.BaseMachine::result (36 bytes)
Event: 3.623 Thread 0x0000000014976800 nmethod 837 0x00000000025a9d90 code [0x00000000025a9f20, 0x00000000025aa278]
Event: 3.628 Thread 0x0000000014976800  842       3       com.android.dx.cf.code.RopperMachine::getSources (264 bytes)
Event: 3.629 Thread 0x000000001495f800 nmethod 823 0x00000000025affd0 code [0x00000000025b0180, 0x00000000025b0a08]
Event: 3.629 Thread 0x000000001495f800  846   !   4       com.android.dx.rop.code.RegisterSpec::intern (70 bytes)
Event: 3.634 Thread 0x0000000014976800 nmethod 842 0x00000000025b1810 code [0x00000000025b1e20, 0x00000000025b67b8]
Event: 3.634 Thread 0x0000000014976800  843       3       com.android.dx.cf.code.BaseMachine::storeResults (90 bytes)
Event: 3.635 Thread 0x0000000014976800 nmethod 843 0x00000000025abe50 code [0x00000000025ac040, 0x00000000025acb08]
Event: 3.635 Thread 0x0000000014976800  841   !   3       com.android.dx.cf.code.RopperMachine::run (1550 bytes)

GC Heap History (2 events):
Event: 3.196 GC heap before
{Heap before GC invocations=1 (full 0):
 PSYoungGen      total 18944K, used 16384K [0x00000000eab00000, 0x00000000ec000000, 0x0000000100000000)
  eden space 16384K, 100% used [0x00000000eab00000,0x00000000ebb00000,0x00000000ebb00000)
  from space 2560K, 0% used [0x00000000ebd80000,0x00000000ebd80000,0x00000000ec000000)
  to   space 2560K, 0% used [0x00000000ebb00000,0x00000000ebb00000,0x00000000ebd80000)
 ParOldGen       total 44032K, used 0K [0x00000000c0000000, 0x00000000c2b00000, 0x00000000eab00000)
  object space 44032K, 0% used [0x00000000c0000000,0x00000000c0000000,0x00000000c2b00000)
 Metaspace       used 5612K, capacity 6576K, committed 6784K, reserved 1056768K
  class space    used 594K, capacity 616K, committed 640K, reserved 1048576K
Event: 3.306 GC heap after
Heap after GC invocations=1 (full 0):
 PSYoungGen      total 18944K, used 2535K [0x00000000eab00000, 0x00000000ec000000, 0x0000000100000000)
  eden space 16384K, 0% used [0x00000000eab00000,0x00000000eab00000,0x00000000ebb00000)
  from space 2560K, 99% used [0x00000000ebb00000,0x00000000ebd79c68,0x00000000ebd80000)
  to   space 2560K, 0% used [0x00000000ebd80000,0x00000000ebd80000,0x00000000ec000000)
 ParOldGen       total 44032K, used 1119K [0x00000000c0000000, 0x00000000c2b00000, 0x00000000eab00000)
  object space 44032K, 2% used [0x00000000c0000000,0x00000000c0117c98,0x00000000c2b00000)
 Metaspace       used 5612K, capacity 6576K, committed 6784K, reserved 1056768K
  class space    used 594K, capacity 616K, committed 640K, reserved 1048576K
}

Deoptimization events (5 events):
Event: 2.003 Thread 0x000000000218d800 Uncommon trap: reason=unstable_if action=reinterpret pc=0x00000000023e3014 method=java.lang.String.compareTo(Ljava/lang/String;)I @ 38
Event: 3.185 Thread 0x000000001667c800 Uncommon trap: reason=class_check action=maybe_recompile pc=0x0000000002514170 method=com.android.dx.ssa.NormalSsaInsn.accept(Lcom/android/dx/ssa/SsaInsn$Visitor;)V @ 9
Event: 3.604 Thread 0x000000001667c800 Uncommon trap: reason=unstable_if action=reinterpret pc=0x00000000024a0480 method=java.util.HashMap.getNode(ILjava/lang/Object;)Ljava/util/HashMap$Node; @ 129
Event: 3.642 Thread 0x000000001667c800 Uncommon trap: reason=unstable_if action=reinterpret pc=0x00000000025167b4 method=java.util.BitSet.ensureCapacity(I)V @ 6
Event: 3.643 Thread 0x000000001667c800 Uncommon trap: reason=unstable_if action=reinterpret pc=0x00000000024a3a70 method=java.util.BitSet.nextSetBit(I)I @ 87

Internal exceptions (2 events):
Event: 0.966 Thread 0x000000000218d800 Exception <a 'java/lang/NoSuchMethodError': Method sun.misc.Unsafe.defineClass(Ljava/lang/String;[BII)Ljava/lang/Class; name or signature does not match> (0x00000000eab07c78) thrown at [C:\re\workspace\8-2-build-windows-amd64-cygwin\jdk8u102\7268\hotspot\sªä’æëî?
Event: 0.966 Thread 0x000000000218d800 Exception <a 'java/lang/NoSuchMethodError': Method sun.misc.Unsafe.prefetchRead(Ljava/lang/Object;J)V name or signature does not match> (0x00000000eab07f60) thrown at [C:\re\workspace\8-2-build-windows-amd64-cygwin\jdk8u102\7268\hotspot\src\share\vm\prims\

Events (10 events):
Event: 3.641 loading class java/util/HashMap$ValueIterator
Event: 3.641 loading class java/util/HashMap$ValueIterator done
Event: 3.642 loading class java/util/DualPivotQuicksort
Event: 3.642 loading class java/util/DualPivotQuicksort done
Event: 3.642 Thread 0x000000001667c800 Uncommon trap: trap_request=0xffffff65 fr.pc=0x00000000025167b4
Event: 3.642 Thread 0x000000001667c800 DEOPT PACKING pc=0x00000000025167b4 sp=0x0000000016f1ec40
Event: 3.642 Thread 0x000000001667c800 DEOPT UNPACKING pc=0x00000000022d582a sp=0x0000000016f1eb28 mode 2
Event: 3.643 Thread 0x000000001667c800 Uncommon trap: trap_request=0xffffff65 fr.pc=0x00000000024a3a70
Event: 3.643 Thread 0x000000001667c800 DEOPT PACKING pc=0x00000000024a3a70 sp=0x0000000016f1ecc0
Event: 3.643 Thread 0x000000001667c800 DEOPT UNPACKING pc=0x00000000022d582a sp=0x0000000016f1ec58 mode 2


Dynamic libraries:
0x00007ff6823e0000 - 0x00007ff682417000 	C:\Program Files\Java\jdk1.8.0_102\bin\java.exe
0x00007ffdf0ea0000 - 0x00007ffdf104a000 	C:\Windows\SYSTEM32\ntdll.dll
0x00007ffdf0c20000 - 0x00007ffdf0d5a000 	C:\Windows\system32\KERNEL32.DLL
0x00007ffdee380000 - 0x00007ffdee490000 	C:\Windows\system32\KERNELBASE.dll
0x00007ffdece20000 - 0x00007ffdecea8000 	C:\Windows\system32\apphelp.dll
0x00007ffde3430000 - 0x00007ffde347f000 	C:\Windows\AppPatch\AppPatch64\AcGenral.DLL
0x00007ffdeec10000 - 0x00007ffdeecb7000 	C:\Windows\system32\msvcrt.dll
0x00007ffdede80000 - 0x00007ffdedeab000 	C:\Windows\SYSTEM32\SspiCli.dll
0x00007ffdf09c0000 - 0x00007ffdf0a11000 	C:\Windows\system32\SHLWAPI.dll
0x00007ffdf0660000 - 0x00007ffdf07d1000 	C:\Windows\system32\USER32.dll
0x00007ffdee720000 - 0x00007ffdee898000 	C:\Windows\system32\ole32.dll
0x00007ffdeee20000 - 0x00007ffdf0237000 	C:\Windows\system32\SHELL32.dll
0x00007ffded820000 - 0x00007ffded83f000 	C:\Windows\SYSTEM32\USERENV.dll
0x00007ffdeed10000 - 0x00007ffdeedb5000 	C:\Windows\system32\ADVAPI32.dll
0x00007ffde3a50000 - 0x00007ffde3a6b000 	C:\Windows\SYSTEM32\MPR.dll
0x00007ffdf0d60000 - 0x00007ffdf0e96000 	C:\Windows\system32\RPCRT4.dll
0x00007ffdee900000 - 0x00007ffdee957000 	C:\Windows\SYSTEM32\sechost.dll
0x00007ffdeea20000 - 0x00007ffdeebf6000 	C:\Windows\SYSTEM32\combase.dll
0x00007ffdf03b0000 - 0x00007ffdf04f5000 	C:\Windows\system32\GDI32.dll
0x00007ffdee210000 - 0x00007ffdee224000 	C:\Windows\SYSTEM32\profapi.dll
0x00007ffdecaf0000 - 0x00007ffdecb8f000 	C:\Windows\SYSTEM32\SHCORE.dll
0x00007ffdeecc0000 - 0x00007ffdeecf4000 	C:\Windows\system32\IMM32.DLL
0x00007ffdf0520000 - 0x00007ffdf0659000 	C:\Windows\system32\MSCTF.dll
0x00007ffdec6c0000 - 0x00007ffdec91a000 	C:\Windows\WinSxS\amd64_microsoft.windows.common-controls_6595b64144ccf1df_6.0.9600.17031_none_6242a4b3ecbb55a1\COMCTL32.dll
0x0000000072500000 - 0x00000000725d1000 	C:\Program Files\Java\jdk1.8.0_102\jre\bin\msvcr100.dll
0x0000000071b40000 - 0x00000000723da000 	C:\Program Files\Java\jdk1.8.0_102\jre\bin\server\jvm.dll
0x00007ffde3e00000 - 0x00007ffde3e09000 	C:\Windows\SYSTEM32\WSOCK32.dll
0x00007ffde1820000 - 0x00007ffde183f000 	C:\Windows\SYSTEM32\WINMM.dll
0x00007ffde5dc0000 - 0x00007ffde5dca000 	C:\Windows\SYSTEM32\VERSION.dll
0x00007ffdeed00000 - 0x00007ffdeed07000 	C:\Windows\system32\PSAPI.DLL
0x00007ffdeedc0000 - 0x00007ffdeee18000 	C:\Windows\system32\WS2_32.dll
0x00007ffde17f0000 - 0x00007ffde181a000 	C:\Windows\SYSTEM32\WINMMBASE.dll
0x00007ffdeec00000 - 0x00007ffdeec09000 	C:\Windows\system32\NSI.dll
0x00007ffdee2e0000 - 0x00007ffdee32a000 	C:\Windows\SYSTEM32\cfgmgr32.dll
0x00007ffded080000 - 0x00007ffded0a6000 	C:\Windows\SYSTEM32\DEVOBJ.dll
0x0000000071a50000 - 0x0000000071a5f000 	C:\Program Files\Java\jdk1.8.0_102\jre\bin\verify.dll
0x0000000071a20000 - 0x0000000071a49000 	C:\Program Files\Java\jdk1.8.0_102\jre\bin\java.dll
0x0000000071a00000 - 0x0000000071a16000 	C:\Program Files\Java\jdk1.8.0_102\jre\bin\zip.dll

VM Arguments:
jvm_args: -Djava.awt.headless=true -Xmx1024M -Dfile.encoding=windows-1252 -Duser.country=IN -Duser.language=en -Duser.variant 
java_command: com.android.dx.command.Main --dex --force-jumbo --num-threads=4 --output C:\Users\sushant oberoi\AndroidStudioProjects\Appbert_MUSIC\app\build\intermediates\pre-dexed\debug\internal_impl-24.2.0_563fdeb9ef545ecf95332ab04b0cc3bd59f28c56.jar C:\Users\sushant oberoi\AndroidStudioProjects\Appbert_MUSIC\app\build\intermediates\exploded-aar\com.android.support\support-compat\24.2.0\jars\libs\internal_impl-24.2.0.jar
java_class_path (initial): C:\Android\sdk1\build-tools\24.0.2\lib\dx.jar
Launcher Type: SUN_STANDARD

Environment Variables:
JAVA_HOME=C:\Program Files\Java\jdk1.8.0_102
CLASSPATH=C:\users\sushant
PATH=C:\ProgramData\Oracle\Java\javapath;C:\Program Files\Java\jdk1.8.0_102\bin
USERNAME=sushant oberoi
OS=Windows_NT
PROCESSOR_IDENTIFIER=Intel64 Family 6 Model 69 Stepping 1, GenuineIntel



---------------  S Y S T E M  ---------------

OS: Windows 8.1 , 64 bit Build 9600 (6.3.9600.17031)

CPU:total 4 (2 cores per cpu, 2 threads per core) family 6 model 69 stepping 1, cmov, cx8, fxsr, mmx, sse, sse2, sse3, ssse3, sse4.1, sse4.2, popcnt, avx, avx2, aes, clmul, erms, lzcnt, ht, tsc, tscinvbit, bmi1, bmi2

Memory: 4k page, physical 4096188k(396988k free), swap 7241916k(5112k free)

vm_info: Java HotSpot(TM) 64-Bit Server VM (25.102-b14) for windows-amd64 JRE (1.8.0_102-b14), built on Jun 22 2016 13:15:21 by "java_re" with MS VC++ 10.0 (VS2010)

time: Thu Sep 08 22:22:56 2016
elapsed time: 3 seconds (0d 0h 0m 3s)

